.github/workflows/deploy.yml
.gitignore
.gsd.migrating/CODEBASE.md
.gsd.migrating/DECISIONS.md
.gsd.migrating/PROJECT.md
.gsd.migrating/REQUIREMENTS.md
.gsd.migrating/STATE.md
.gsd.migrating/audit/events.jsonl
.gsd.migrating/auto.lock
.gsd.migrating/event-log.jsonl
.gsd.migrating/gsd.db
.gsd.migrating/gsd.db-shm
.gsd.migrating/gsd.db-wal
.gsd.migrating/last-snapshot.md
.gsd.migrating/milestones/M001/M001-CONTEXT.md
.gsd.migrating/milestones/M001/M001-ROADMAP.md
.gsd.migrating/notifications.jsonl
.gsd.migrating/runtime/write-gate-state.json
.gsd.migrating/state-manifest.json
scripts/dockerfiles/aionui/Dockerfile
scripts/dockerfiles/memvid/Dockerfile
scripts/dockerfiles/mlflow/Dockerfile
scripts/dockerfiles/rd-agent/Dockerfile
scripts/dockerfiles/streamer-sales/Dockerfile
scripts/dockerfiles/sunshine/Dockerfile
scripts/dockerfiles/trendradar/Dockerfile
scripts/dockerfiles/unit3d/Dockerfile
scripts/dockerfiles/vane/Dockerfile
scripts/dockerfiles/wgcloud/Dockerfile
scripts/dockerfiles/xiaomusic/Dockerfile
scripts/dockerfiles/yuxi/Dockerfile
